#
# There is insufficient memory for the Java Runtime Environment to continue.
# Native memory allocation (malloc) failed to allocate 32756 bytes for ChunkPool::allocate
# Possible reasons:
#   The system is out of physical RAM or swap space
#   In 32 bit mode, the process size limit was hit
# Possible solutions:
#   Reduce memory load on the system
#   Increase physical memory or swap space
#   Check if swap backing store is full
#   Use 64 bit Java on a 64 bit OS
#   Decrease Java heap size (-Xmx/-Xms)
#   Decrease number of Java threads
#   Decrease Java thread stack sizes (-Xss)
#   Set larger code cache with -XX:ReservedCodeCacheSize=
# This output file may be truncated or incomplete.
#
#  Out of Memory Error (allocation.cpp:273), pid=3600, tid=1852
#
# JRE version: Java(TM) SE Runtime Environment (8.0_66-b18) (build 1.8.0_66-b18)
# Java VM: Java HotSpot(TM) Client VM (25.66-b18 mixed mode windows-x86 )
# Failed to write core dump. Minidumps are not enabled by default on client versions of Windows
#

---------------  T H R E A D  ---------------

Current thread (0x442b0c00):  JavaThread "C1 CompilerThread0" daemon [_thread_in_native, id=1852, stack(0x03cf0000,0x03d40000)]

Stack: [0x03cf0000,0x03d40000],  sp=0x03d3ebbc,  free space=314k
Native frames: (J=compiled Java code, j=interpreted, Vv=VM code, C=native code)
V  [jvm.dll+0x1a808b]
V  [jvm.dll+0x1a0988]
V  [jvm.dll+0x8b6e1]
V  [jvm.dll+0x8b8bd]
V  [jvm.dll+0x8bd37]
V  [jvm.dll+0xa37a4]
V  [jvm.dll+0x29bcd5]
V  [jvm.dll+0x29be0f]
V  [jvm.dll+0x29bea0]
V  [jvm.dll+0x29c1fa]
V  [jvm.dll+0x29c341]
V  [jvm.dll+0x29c511]
V  [jvm.dll+0x29fe27]
V  [jvm.dll+0x2a0457]
V  [jvm.dll+0x2a1a23]
V  [jvm.dll+0x2867f9]
V  [jvm.dll+0x2868ca]
V  [jvm.dll+0x286a38]
V  [jvm.dll+0x286cb2]
V  [jvm.dll+0x6f30a]
V  [jvm.dll+0x6fabf]
V  [jvm.dll+0x17c07c]
V  [jvm.dll+0x17c16a]
V  [jvm.dll+0x1c06f6]
C  [msvcr100.dll+0x5c556]
C  [msvcr100.dll+0x5c600]
C  [kernel32.dll+0x4ef1c]
C  [ntdll.dll+0x63b53]
C  [ntdll.dll+0x63b26]
C  0x00000000


Current CompileTask:
C1:   1887  249             com.android.dx.ssa.Dominators::run (506 bytes)


---------------  P R O C E S S  ---------------

Java Threads: ( => current thread )
  0x443d6c00 JavaThread "pool-1-thread-4" [_thread_in_Java, id=1532, stack(0x44820000,0x44870000)]
  0x443cdc00 JavaThread "pool-2-thread-1" [_thread_blocked, id=3252, stack(0x445f0000,0x44640000)]
  0x442e4000 JavaThread "Service Thread" daemon [_thread_blocked, id=1460, stack(0x03da0000,0x03df0000)]
=>0x442b0c00 JavaThread "C1 CompilerThread0" daemon [_thread_in_native, id=1852, stack(0x03cf0000,0x03d40000)]
  0x442afc00 JavaThread "Attach Listener" daemon [_thread_blocked, id=7560, stack(0x03c90000,0x03ce0000)]
  0x442ab800 JavaThread "Signal Dispatcher" daemon [_thread_blocked, id=468, stack(0x00e90000,0x00ee0000)]
  0x44273400 JavaThread "Finalizer" daemon [_thread_blocked, id=4932, stack(0x00fa0000,0x00ff0000)]
  0x44271000 JavaThread "Reference Handler" daemon [_thread_blocked, id=7092, stack(0x008e0000,0x00930000)]
  0x0094c400 JavaThread "main" [_thread_blocked, id=5712, stack(0x009c0000,0x00a10000)]

Other Threads:
  0x4426c400 VMThread [stack: 0x03c40000,0x03c90000] [id=1284]
  0x4433d000 WatcherThread [stack: 0x00f50000,0x00fa0000] [id=292]

VM state:not at safepoint (normal execution)

VM Mutex/Monitor currently owned by a thread: None

Heap:
 def new generation   total 4928K, used 2651K [0x03e00000, 0x04350000, 0x19350000)
  eden space 4416K,  48% used [0x03e00000, 0x04016d40, 0x04250000)
  from space 512K, 100% used [0x04250000, 0x042d0000, 0x042d0000)
  to   space 512K,   0% used [0x042d0000, 0x042d0000, 0x04350000)
 tenured generation   total 10944K, used 2535K [0x19350000, 0x19e00000, 0x43e00000)
   the space 10944K,  23% used [0x19350000, 0x195c9dd0, 0x195c9e00, 0x19e00000)
 Metaspace       used 3403K, capacity 3462K, committed 3520K, reserved 4480K

Card table byte_map: [0x00ae0000,0x00cf0000] byte_map_base: 0x00ac1000

Polling page: 0x00250000

CodeCache: size=32768Kb used=979Kb max_used=979Kb free=31788Kb
 bounds [0x01c30000, 0x01d28000, 0x03c30000]
 total_blobs=394 nmethods=249 adapters=77
 compilation: enabled

Compilation events (10 events):
Event: 1.831 Thread 0x442b0c00 nmethod 244 0x01d21d48 code [0x01d21f60, 0x01d2249c]
Event: 1.831 Thread 0x442b0c00  245             com.android.dx.ssa.back.LivenessAnalyzer::liveInAtStatement (55 bytes)
Event: 1.831 Thread 0x442b0c00 nmethod 245 0x01d22d08 code [0x01d22e50, 0x01d23110]
Event: 1.831 Thread 0x442b0c00  246             com.android.dx.ssa.back.LivenessAnalyzer::liveOutAtStatement (61 bytes)
Event: 1.832 Thread 0x442b0c00 nmethod 246 0x01d23448 code [0x01d23580, 0x01d23794]
Event: 1.832 Thread 0x442b0c00  247             com.android.dx.ssa.SsaInsn::isResultReg (24 bytes)
Event: 1.832 Thread 0x442b0c00 nmethod 247 0x01d23ac8 code [0x01d23bc0, 0x01d23c70]
Event: 1.846 Thread 0x442b0c00  248             com.android.dx.ssa.SsaBasicBlock::newFromRop (183 bytes)
Event: 1.847 Thread 0x442b0c00 nmethod 248 0x01d23f88 code [0x01d24130, 0x01d24618]
Event: 1.847 Thread 0x442b0c00  249             com.android.dx.ssa.Dominators::run (506 bytes)

GC Heap History (4 events):
Event: 1.566 GC heap before
{Heap before GC invocations=0 (full 0):
 def new generation   total 4928K, used 4416K [0x03e00000, 0x04350000, 0x19350000)
  eden space 4416K, 100% used [0x03e00000, 0x04250000, 0x04250000)
  from space 512K,   0% used [0x04250000, 0x04250000, 0x042d0000)
  to   space 512K,   0% used [0x042d0000, 0x042d0000, 0x04350000)
 tenured generation   total 10944K, used 0K [0x19350000, 0x19e00000, 0x43e00000)
   the space 10944K,   0% used [0x19350000, 0x19350000, 0x19350200, 0x19e00000)
 Metaspace       used 2740K, capacity 2854K, committed 2880K, reserved 4480K
Event: 1.571 GC heap after
Heap after GC invocations=1 (full 0):
 def new generation   total 4928K, used 512K [0x03e00000, 0x04350000, 0x19350000)
  eden space 4416K,   0% used [0x03e00000, 0x03e00000, 0x04250000)
  from space 512K, 100% used [0x042d0000, 0x04350000, 0x04350000)
  to   space 512K,   0% used [0x04250000, 0x04250000, 0x042d0000)
 tenured generation   total 10944K, used 1200K [0x19350000, 0x19e00000, 0x43e00000)
   the space 10944K,  10% used [0x19350000, 0x1947c0f0, 0x1947c200, 0x19e00000)
 Metaspace       used 2740K, capacity 2854K, committed 2880K, reserved 4480K
}
Event: 1.750 GC heap before
{Heap before GC invocations=1 (full 0):
 def new generation   total 4928K, used 4928K [0x03e00000, 0x04350000, 0x19350000)
  eden space 4416K, 100% used [0x03e00000, 0x04250000, 0x04250000)
  from space 512K, 100% used [0x042d0000, 0x04350000, 0x04350000)
  to   space 512K,   0% used [0x04250000, 0x04250000, 0x042d0000)
 tenured generation   total 10944K, used 1200K [0x19350000, 0x19e00000, 0x43e00000)
   the space 10944K,  10% used [0x19350000, 0x1947c0f0, 0x1947c200, 0x19e00000)
 Metaspace       used 3377K, capacity 3462K, committed 3520K, reserved 4480K
Event: 1.755 GC heap after
Heap after GC invocations=2 (full 0):
 def new generation   total 4928K, used 512K [0x03e00000, 0x04350000, 0x19350000)
  eden space 4416K,   0% used [0x03e00000, 0x03e00000, 0x04250000)
  from space 512K, 100% used [0x04250000, 0x042d0000, 0x042d0000)
  to   space 512K,   0% used [0x042d0000, 0x042d0000, 0x04350000)
 tenured generation   total 10944K, used 2535K [0x19350000, 0x19e00000, 0x43e00000)
   the space 10944K,  23% used [0x19350000, 0x195c9dd0, 0x195c9e00, 0x19e00000)
 Metaspace       used 3377K, capacity 3462K, committed 3520K, reserved 4480K
}

Deoptimization events (0 events):
No events

Internal exceptions (2 events):
Event: 0.158 Thread 0x0094c400 Exception <a 'java/lang/NoSuchMethodError': Method sun.misc.Unsafe.defineClass(Ljava/lang/String;[BII)Ljava/lang/Class; name or signature does not match> (0x03e10a28) thrown at [C:\re\workspace\8-2-build-windows-i586-cygwin\jdk8u66\5298\hotspot\src\share\vÇLóQÆ8Ä?
Event: 0.158 Thread 0x0094c400 Exception <a 'java/lang/NoSuchMethodError': Method sun.misc.Unsafe.prefetchRead(Ljava/lang/Object;J)V name or signature does not match> (0x03e10cf8) thrown at [C:\re\workspace\8-2-build-windows-i586-cygwin\jdk8u66\5298\hotspot\src\share\vm\prims\jni.cpp, l

Events (10 events):
Event: 1.747 Executing VM operation: GenCollectForAllocation
Event: 1.756 Executing VM operation: GenCollectForAllocation done
Event: 1.791 Thread 0x443ccc00 Thread exited: 0x443ccc00
Event: 1.830 loading class com/android/dx/ssa/back/FirstFitLocalCombiningAllocator$Multiset
Event: 1.830 loading class com/android/dx/ssa/back/FirstFitLocalCombiningAllocator$Multiset done
Event: 1.834 loading class java/util/HashMap$Values
Event: 1.834 loading class java/util/HashMap$Values done
Event: 1.835 loading class java/util/HashMap$ValueIterator
Event: 1.835 loading class java/util/HashMap$ValueIterator done
Event: 1.841 Thread 0x443c7000 Thread exited: 0x443c7000


Dynamic libraries:
0x00ff0000 - 0x01023000 	C:\Program Files\Java\jdk1.8.0_66\bin\java.exe
0x77460000 - 0x775a2000 	C:\Windows\SYSTEM32\ntdll.dll
0x75db0000 - 0x75e85000 	C:\Windows\system32\kernel32.dll
0x75730000 - 0x7577b000 	C:\Windows\system32\KERNELBASE.dll
0x76760000 - 0x76801000 	C:\Windows\system32\ADVAPI32.dll
0x760f0000 - 0x7619c000 	C:\Windows\system32\msvcrt.dll
0x761a0000 - 0x761b9000 	C:\Windows\SYSTEM32\sechost.dll
0x763b0000 - 0x76452000 	C:\Windows\system32\RPCRT4.dll
0x775e0000 - 0x776a9000 	C:\Windows\system32\USER32.dll
0x75e90000 - 0x75ede000 	C:\Windows\system32\GDI32.dll
0x775c0000 - 0x775ca000 	C:\Windows\system32\LPK.dll
0x758b0000 - 0x7594d000 	C:\Windows\system32\USP10.dll
0x73390000 - 0x7352e000 	C:\Windows\WinSxS\x86_microsoft.windows.common-controls_6595b64144ccf1df_6.0.7601.17514_none_41e6975e2bd6f2b2\COMCTL32.dll
0x75cb0000 - 0x75d07000 	C:\Windows\system32\SHLWAPI.dll
0x75d90000 - 0x75daf000 	C:\Windows\system32\IMM32.DLL
0x75ac0000 - 0x75b8c000 	C:\Windows\system32\MSCTF.dll
0x69fd0000 - 0x6a08f000 	C:\Program Files\Java\jdk1.8.0_66\jre\bin\msvcr100.dll
0x62600000 - 0x629c5000 	C:\Program Files\Java\jdk1.8.0_66\jre\bin\client\jvm.dll
0x71ec0000 - 0x71ec7000 	C:\Windows\system32\WSOCK32.dll
0x75950000 - 0x75985000 	C:\Windows\system32\WS2_32.dll
0x775b0000 - 0x775b6000 	C:\Windows\system32\NSI.dll
0x70d00000 - 0x70d32000 	C:\Windows\system32\WINMM.dll
0x74a60000 - 0x74a69000 	C:\Windows\system32\VERSION.dll
0x775d0000 - 0x775d5000 	C:\Windows\system32\PSAPI.DLL
0x70cc0000 - 0x70ccc000 	C:\Program Files\Java\jdk1.8.0_66\jre\bin\verify.dll
0x6bfd0000 - 0x6bff1000 	C:\Program Files\Java\jdk1.8.0_66\jre\bin\java.dll
0x70360000 - 0x70373000 	C:\Program Files\Java\jdk1.8.0_66\jre\bin\zip.dll
0x76810000 - 0x7745a000 	C:\Windows\system32\SHELL32.dll
0x76460000 - 0x765bc000 	C:\Windows\system32\ole32.dll
0x75570000 - 0x7557b000 	C:\Windows\system32\profapi.dll

VM Arguments:
jvm_args: -Djava.awt.headless=true -Xmx1024M -Dfile.encoding=GBK -Duser.country=CN -Duser.language=zh -Duser.variant 
java_command: com.android.dx.command.Main --dex --num-threads=4 --output C:\Users\Administrator\AndroidStudioProjects\PuddingComic\app\build\intermediates\pre-dexed\debug\it.neokree-MaterialTabs-0.11_ddc68d8089506d6098236147a9af6f864f635cc5.jar C:\Users\Administrator\AndroidStudioProjects\PuddingComic\app\build\intermediates\exploded-aar\it.neokree\MaterialTabs\0.11\jars\classes.jar
java_class_path (initial): D:\sdk\build-tools\23.0.3\lib\dx.jar
Launcher Type: SUN_STANDARD

Environment Variables:



---------------  S Y S T E M  ---------------

OS: Windows 7 Build 7601 (6.1.7601.19135)

CPU:total 2 (2 cores per cpu, 1 threads per core) family 6 model 23 stepping 10, cmov, cx8, fxsr, mmx, sse, sse2, sse3, ssse3, sse4.1, tsc

Memory: 4k page, physical 3104796k(694212k free), swap 5200224k(5112k free)

vm_info: Java HotSpot(TM) Client VM (25.66-b18) for windows-x86 JRE (1.8.0_66-b18), built on Nov  9 2015 10:58:29 by "java_re" with MS VC++ 10.0 (VS2010)

time: Sun Jun 26 17:54:36 2016
elapsed time: 1 seconds (0d 0h 0m 1s)

